2024-12-17 15:02:46-debug: start **** info
2024-12-17 15:02:47-log: Cannot access game frame or container.
2024-12-17 15:02:48-debug: asset-db:require-engine-code (1449ms)
2024-12-17 15:02:48-log: meshopt wasm decoder initialized
2024-12-17 15:02:48-log: [box2d]:box2d wasm lib loaded.
2024-12-17 15:02:48-log: [bullet]:bullet wasm lib loaded.
2024-12-17 15:02:49-log: Cocos Creator v3.8.4
2024-12-17 15:02:49-debug: [Assets Memory track]: asset-db-plugin-register: programming start:83.49MB, end 84.63MB, increase: 1.14MB
2024-12-17 15:02:53-debug: [Assets Memory track]: asset-db-plugin-register: builder start:84.66MB, end 165.42MB, increase: 80.77MB
2024-12-17 15:02:53-debug: [Assets Memory track]: asset-db-plugin-register: engine-extends start:165.62MB, end 168.53MB, increase: 2.92MB
2024-12-17 15:02:53-debug: [Assets Memory track]: asset-db-plugin-register: project start:83.37MB, end 168.60MB, increase: 85.23MB
2024-12-17 15:02:53-debug: [Assets Memory track]: asset-db:worker-init: initPlugin start:82.44MB, end 168.63MB, increase: 86.19MB
2024-12-17 15:02:49-log: Forward render pipeline initialized.
2024-12-17 15:02:49-log: Using legacy pipeline
2024-12-17 15:02:49-debug: [Assets Memory track]: asset-db:worker-init: initEngine start:27.25MB, end 82.43MB, increase: 55.17MB
2024-12-17 15:02:53-debug: asset-db:worker-init: initPlugin (4223ms)
2024-12-17 15:02:53-debug: [Assets Memory track]: asset-db:worker-init start:27.25MB, end 168.75MB, increase: 141.50MB
2024-12-17 15:02:53-debug: Run asset db hook programming:beforePreStart success!
2024-12-17 15:02:53-debug: Run asset db hook engine-extends:beforePreStart ...
2024-12-17 15:02:53-debug: Run asset db hook engine-extends:beforePreStart success!
2024-12-17 15:02:53-debug: Run asset db hook programming:beforePreStart ...
2024-12-17 15:02:53-debug: asset-db:worker-init (6561ms)
2024-12-17 15:02:53-debug: asset-db-hook-programming-beforePreStart (87ms)
2024-12-17 15:02:53-debug: asset-db-hook-engine-extends-beforePreStart (87ms)
2024-12-17 15:02:53-debug: Preimport db internal success
2024-12-17 15:02:53-debug: Preimport db assets success
2024-12-17 15:02:53-debug: Run asset db hook programming:afterPreStart ...
2024-12-17 15:02:53-debug: starting packer-driver...
2024-12-17 15:02:53-debug: initialize scripting environment...
2024-12-17 15:02:53-debug: Set detail map pack:///resolution-detail-map.json: {}
2024-12-17 15:02:53-debug: Run asset db hook programming:afterPreStart success!
2024-12-17 15:02:53-debug: Run asset db hook engine-extends:afterPreStart ...
2024-12-17 15:02:53-debug: Run asset db hook engine-extends:afterPreStart success!
2024-12-17 15:02:53-debug: [Assets Memory track]: asset-db:worker-init: preStart start:168.76MB, end 171.50MB, increase: 2.73MB
2024-12-17 15:02:53-debug: Start up the 'internal' database...
2024-12-17 15:02:54-debug: asset-db-hook-programming-afterPreStart (573ms)
2024-12-17 15:02:54-debug: asset-db:worker-effect-data-processing (279ms)
2024-12-17 15:02:54-debug: asset-db-hook-engine-extends-afterPreStart (279ms)
2024-12-17 15:02:54-debug: [Assets Memory track]: asset-db:worker-startup-database[internal] start:168.84MB, end 182.76MB, increase: 13.92MB
2024-12-17 15:02:54-debug: Start up the 'assets' database...
2024-12-17 15:02:54-debug: asset-db:worker-startup-database[internal] (773ms)
2024-12-17 15:02:54-debug: [Assets Memory track]: asset-db:worker-startup-database[assets] start:170.59MB, end 184.41MB, increase: 13.82MB
2024-12-17 15:02:54-debug: lazy register asset handler *
2024-12-17 15:02:54-debug: lazy register asset handler json
2024-12-17 15:02:54-debug: lazy register asset handler spine-data
2024-12-17 15:02:54-debug: lazy register asset handler dragonbones
2024-12-17 15:02:54-debug: [Assets Memory track]: asset-db:worker-init: startup start:171.51MB, end 184.43MB, increase: 12.92MB
2024-12-17 15:02:54-debug: lazy register asset handler terrain
2024-12-17 15:02:54-debug: lazy register asset handler javascript
2024-12-17 15:02:54-debug: lazy register asset handler typescript
2024-12-17 15:02:54-debug: lazy register asset handler scene
2024-12-17 15:02:54-debug: lazy register asset handler prefab
2024-12-17 15:02:54-debug: lazy register asset handler sprite-frame
2024-12-17 15:02:54-debug: lazy register asset handler tiled-map
2024-12-17 15:02:54-debug: lazy register asset handler buffer
2024-12-17 15:02:54-debug: lazy register asset handler image
2024-12-17 15:02:54-debug: lazy register asset handler sign-image
2024-12-17 15:02:54-debug: lazy register asset handler alpha-image
2024-12-17 15:02:54-debug: lazy register asset handler texture
2024-12-17 15:02:54-debug: lazy register asset handler texture-cube
2024-12-17 15:02:54-debug: lazy register asset handler erp-texture-cube
2024-12-17 15:02:54-debug: lazy register asset handler render-texture
2024-12-17 15:02:54-debug: lazy register asset handler texture-cube-face
2024-12-17 15:02:54-debug: lazy register asset handler rt-sprite-frame
2024-12-17 15:02:54-debug: lazy register asset handler gltf
2024-12-17 15:02:54-debug: lazy register asset handler gltf-mesh
2024-12-17 15:02:54-debug: lazy register asset handler gltf-animation
2024-12-17 15:02:54-debug: lazy register asset handler gltf-skeleton
2024-12-17 15:02:54-debug: lazy register asset handler gltf-material
2024-12-17 15:02:54-debug: lazy register asset handler gltf-scene
2024-12-17 15:02:54-debug: lazy register asset handler gltf-embeded-image
2024-12-17 15:02:54-debug: lazy register asset handler fbx
2024-12-17 15:02:54-debug: lazy register asset handler material
2024-12-17 15:02:54-debug: lazy register asset handler physics-material
2024-12-17 15:02:54-debug: lazy register asset handler effect
2024-12-17 15:02:54-debug: lazy register asset handler effect-header
2024-12-17 15:02:54-debug: lazy register asset handler audio-clip
2024-12-17 15:02:54-debug: lazy register asset handler animation-clip
2024-12-17 15:02:54-debug: lazy register asset handler animation-graph
2024-12-17 15:02:54-debug: lazy register asset handler animation-graph-variant
2024-12-17 15:02:54-debug: lazy register asset handler animation-mask
2024-12-17 15:02:54-debug: lazy register asset handler ttf-font
2024-12-17 15:02:54-debug: lazy register asset handler bitmap-font
2024-12-17 15:02:54-debug: lazy register asset handler particle
2024-12-17 15:02:54-debug: lazy register asset handler sprite-atlas
2024-12-17 15:02:54-debug: lazy register asset handler auto-atlas
2024-12-17 15:02:54-debug: lazy register asset handler label-atlas
2024-12-17 15:02:54-debug: lazy register asset handler render-pipeline
2024-12-17 15:02:54-debug: lazy register asset handler render-stage
2024-12-17 15:02:54-debug: lazy register asset handler render-flow
2024-12-17 15:02:54-debug: lazy register asset handler instantiation-material
2024-12-17 15:02:54-debug: lazy register asset handler instantiation-mesh
2024-12-17 15:02:54-debug: lazy register asset handler instantiation-skeleton
2024-12-17 15:02:54-debug: lazy register asset handler instantiation-animation
2024-12-17 15:02:54-debug: lazy register asset handler video-clip
2024-12-17 15:02:54-debug: lazy register asset handler directory
2024-12-17 15:02:54-debug: lazy register asset handler text
2024-12-17 15:02:54-debug: lazy register asset handler dragonbones-atlas
2024-12-17 15:02:54-debug: asset-db:worker-startup-database[assets] (688ms)
2024-12-17 15:02:54-debug: asset-db:start-database (815ms)
2024-12-17 15:02:54-debug: asset-db:ready (10743ms)
2024-12-17 15:02:54-debug: init worker message success
2024-12-17 15:02:54-debug: programming:execute-script (4ms)
2024-12-17 15:02:54-debug: [Build Memory track]: builder:worker-init start:181.96MB, end 193.62MB, increase: 11.66MB
2024-12-17 15:02:54-debug: builder:worker-init (734ms)
2024-12-17 15:03:02-debug: refresh db internal success
2024-12-17 15:03:02-debug: refresh db assets success
2024-12-17 15:03:02-debug: Run asset db hook engine-extends:afterRefresh ...
2024-12-17 15:03:02-debug: Run asset db hook engine-extends:afterRefresh success!
2024-12-17 15:03:02-debug: asset-db:worker-effect-data-processing (1ms)
2024-12-17 15:03:02-debug: asset-db:refresh-all-database (44ms)
2024-12-17 15:03:02-debug: asset-db-hook-engine-extends-afterRefresh (1ms)
2024-12-17 15:03:23-debug: refresh db internal success
2024-12-17 15:03:23-debug: refresh db assets success
2024-12-17 15:03:23-debug: Run asset db hook engine-extends:afterRefresh ...
2024-12-17 15:03:23-debug: Run asset db hook engine-extends:afterRefresh success!
2024-12-17 15:03:23-debug: asset-db:refresh-all-database (112ms)
2024-12-17 15:03:23-debug: asset-db-hook-engine-extends-afterRefresh (4ms)
2024-12-17 15:03:23-debug: asset-db:worker-effect-data-processing (3ms)
