2024-12-18 18:54:25-debug: start **** info
2024-12-18 18:54:25-log: Cannot access game frame or container.
2024-12-18 18:54:26-debug: asset-db:require-engine-code (1215ms)
2024-12-18 18:54:26-log: meshopt wasm decoder initialized
2024-12-18 18:54:26-log: [box2d]:box2d wasm lib loaded.
2024-12-18 18:54:26-log: [bullet]:bullet wasm lib loaded.
2024-12-18 18:54:26-log: Cocos Creator v3.8.4
2024-12-18 18:54:26-log: Using legacy pipeline
2024-12-18 18:54:30-debug: [Assets Memory track]: asset-db-plugin-register: project start:82.85MB, end 171.74MB, increase: 88.89MB
2024-12-18 18:54:30-debug: [Assets Memory track]: asset-db:worker-init: initPlugin start:81.92MB, end 171.77MB, increase: 89.85MB
2024-12-18 18:54:30-debug: [Assets Memory track]: asset-db-plugin-register: builder start:83.90MB, end 174.68MB, increase: 90.78MB
2024-12-18 18:54:26-log: Forward render pipeline initialized.
2024-12-18 18:54:26-debug: [Assets Memory track]: asset-db:worker-init: initEngine start:31.73MB, end 81.90MB, increase: 50.17MB
2024-12-18 18:54:30-debug: asset-db:worker-init: initPlugin (3739ms)
2024-12-18 18:54:30-debug: [Assets Memory track]: asset-db:worker-init start:31.72MB, end 171.89MB, increase: 140.17MB
2024-12-18 18:54:30-debug: Run asset db hook programming:beforePreStart ...
2024-12-18 18:54:30-debug: Run asset db hook programming:beforePreStart success!
2024-12-18 18:54:30-debug: Run asset db hook engine-extends:beforePreStart ...
2024-12-18 18:54:30-debug: Run asset db hook engine-extends:beforePreStart success!
2024-12-18 18:54:30-debug: asset-db:worker-init (5395ms)
2024-12-18 18:54:30-debug: asset-db-hook-programming-beforePreStart (65ms)
2024-12-18 18:54:30-debug: asset-db-hook-engine-extends-beforePreStart (65ms)
2024-12-18 18:54:30-debug: Preimport db internal success
2024-12-18 18:54:30-debug: Preimport db assets success
2024-12-18 18:54:30-debug: Run asset db hook programming:afterPreStart ...
2024-12-18 18:54:30-debug: starting packer-driver...
2024-12-18 18:54:30-debug: initialize scripting environment...
2024-12-18 18:54:30-debug: Set detail map pack:///resolution-detail-map.json: {}
2024-12-18 18:54:30-debug: Run asset db hook engine-extends:afterPreStart success!
2024-12-18 18:54:30-debug: [Assets Memory track]: asset-db:worker-init: preStart start:171.90MB, end 175.08MB, increase: 3.18MB
2024-12-18 18:54:30-debug: Start up the 'internal' database...
2024-12-18 18:54:30-debug: Run asset db hook programming:afterPreStart success!
2024-12-18 18:54:30-debug: Run asset db hook engine-extends:afterPreStart ...
2024-12-18 18:54:31-debug: asset-db-hook-programming-afterPreStart (523ms)
2024-12-18 18:54:31-debug: asset-db:worker-effect-data-processing (245ms)
2024-12-18 18:54:31-debug: asset-db-hook-engine-extends-afterPreStart (245ms)
2024-12-18 18:54:31-debug: [Assets Memory track]: asset-db:worker-startup-database[internal] start:171.98MB, end 187.15MB, increase: 15.17MB
2024-12-18 18:54:31-debug: Start up the 'assets' database...
2024-12-18 18:54:31-debug: asset-db:worker-startup-database[internal] (698ms)
2024-12-18 18:54:31-debug: [Assets Memory track]: asset-db:worker-startup-database[assets] start:174.20MB, end 188.72MB, increase: 14.53MB
2024-12-18 18:54:31-debug: lazy register asset handler text
2024-12-18 18:54:31-debug: lazy register asset handler json
2024-12-18 18:54:31-debug: lazy register asset handler directory
2024-12-18 18:54:31-debug: lazy register asset handler dragonbones
2024-12-18 18:54:31-debug: lazy register asset handler dragonbones-atlas
2024-12-18 18:54:31-debug: lazy register asset handler spine-data
2024-12-18 18:54:31-debug: lazy register asset handler javascript
2024-12-18 18:54:31-debug: lazy register asset handler typescript
2024-12-18 18:54:31-debug: lazy register asset handler scene
2024-12-18 18:54:31-debug: lazy register asset handler prefab
2024-12-18 18:54:31-debug: [Assets Memory track]: asset-db:worker-init: startup start:175.09MB, end 188.74MB, increase: 13.64MB
2024-12-18 18:54:31-debug: lazy register asset handler tiled-map
2024-12-18 18:54:31-debug: lazy register asset handler buffer
2024-12-18 18:54:31-debug: lazy register asset handler image
2024-12-18 18:54:31-debug: lazy register asset handler sign-image
2024-12-18 18:54:31-debug: lazy register asset handler terrain
2024-12-18 18:54:31-debug: lazy register asset handler texture
2024-12-18 18:54:31-debug: lazy register asset handler alpha-image
2024-12-18 18:54:31-debug: lazy register asset handler *
2024-12-18 18:54:31-debug: lazy register asset handler erp-texture-cube
2024-12-18 18:54:31-debug: lazy register asset handler render-texture
2024-12-18 18:54:31-debug: lazy register asset handler texture-cube-face
2024-12-18 18:54:31-debug: lazy register asset handler sprite-frame
2024-12-18 18:54:31-debug: lazy register asset handler gltf-mesh
2024-12-18 18:54:31-debug: lazy register asset handler gltf-animation
2024-12-18 18:54:31-debug: lazy register asset handler gltf-skeleton
2024-12-18 18:54:31-debug: lazy register asset handler gltf-material
2024-12-18 18:54:31-debug: lazy register asset handler gltf-scene
2024-12-18 18:54:31-debug: lazy register asset handler gltf-embeded-image
2024-12-18 18:54:31-debug: lazy register asset handler fbx
2024-12-18 18:54:31-debug: lazy register asset handler material
2024-12-18 18:54:31-debug: lazy register asset handler physics-material
2024-12-18 18:54:31-debug: lazy register asset handler effect
2024-12-18 18:54:31-debug: lazy register asset handler rt-sprite-frame
2024-12-18 18:54:31-debug: lazy register asset handler audio-clip
2024-12-18 18:54:31-debug: lazy register asset handler animation-clip
2024-12-18 18:54:31-debug: lazy register asset handler animation-graph
2024-12-18 18:54:31-debug: lazy register asset handler effect-header
2024-12-18 18:54:31-debug: lazy register asset handler animation-graph-variant
2024-12-18 18:54:31-debug: lazy register asset handler ttf-font
2024-12-18 18:54:31-debug: lazy register asset handler bitmap-font
2024-12-18 18:54:31-debug: lazy register asset handler particle
2024-12-18 18:54:31-debug: lazy register asset handler sprite-atlas
2024-12-18 18:54:31-debug: lazy register asset handler auto-atlas
2024-12-18 18:54:31-debug: lazy register asset handler label-atlas
2024-12-18 18:54:31-debug: lazy register asset handler render-pipeline
2024-12-18 18:54:31-debug: lazy register asset handler render-stage
2024-12-18 18:54:31-debug: lazy register asset handler render-flow
2024-12-18 18:54:31-debug: lazy register asset handler instantiation-material
2024-12-18 18:54:31-debug: lazy register asset handler instantiation-mesh
2024-12-18 18:54:31-debug: lazy register asset handler instantiation-skeleton
2024-12-18 18:54:31-debug: lazy register asset handler instantiation-animation
2024-12-18 18:54:31-debug: lazy register asset handler animation-mask
2024-12-18 18:54:31-debug: lazy register asset handler video-clip
2024-12-18 18:54:31-debug: lazy register asset handler gltf
2024-12-18 18:54:31-debug: lazy register asset handler texture-cube
2024-12-18 18:54:31-debug: asset-db:worker-startup-database[assets] (640ms)
2024-12-18 18:54:31-debug: asset-db:start-database (742ms)
2024-12-18 18:54:31-debug: asset-db:ready (8931ms)
2024-12-18 18:54:31-debug: init worker message success
2024-12-18 18:54:31-debug: programming:execute-script (4ms)
2024-12-18 18:54:31-debug: [Build Memory track]: builder:worker-init start:186.31MB, end 197.69MB, increase: 11.39MB
2024-12-18 18:54:31-debug: builder:worker-init (539ms)
2024-12-18 18:54:39-debug: Query all assets info in project
2024-12-18 18:54:40-debug: init custom config: keepNodeUuid: false, useCache: true
2024-12-18 18:54:40-debug: 查询 Asset Bundle start, progress: 0%
2024-12-18 18:54:40-debug: // ---- build task 查询 Asset Bundle ----
2024-12-18 18:54:40-debug: Query preload assets/scripts from cc.config.json: 60f7195c-ec2a-45eb-ba94-8955f60e81d0,1c02ae6f-4492-4915-b8f8-7492a3b1e4cd,810e96e4-e456-4468-9b59-f4e8f39732c0,efe8e2a3-eace-427b-b4f1-cb8a937ec77d,e9aa9a3e-5b2b-4ac7-a2c7-073de2b2b24f,8bbdbcdd-5cd4-4100-b6d5-b7c9625b6107,50f4348b-c883-4e2f-8f11-ce233b859fa1,fda095cb-831d-4601-ad94-846013963de8,f92806d7-1768-443f-afe8-12bcde84d0f0,dd3a144d-ab7f-41f0-82b8-2e43a090d496,f0416e68-0200-4b77-a926-4f9d16e494da,970b0598-bcb0-4714-91fb-2e81440dccd8,bcd64cc6-2dd9-43f6-abbe-66318d332032,d930590d-bb92-4cc8-8bd1-23cd027f9edf,a3cd009f-0ab0-420d-9278-b9fdab939bbc,6a2d0734-bd9e-4ddf-946e-caa52498cb75,c27215d8-6835-4b68-bfbb-bdeac6100c04,b5d6115f-0370-4d7c-aad3-c194cc71cf98,871c3b6c-7379-419d-bda3-794b239ab90d,ff9b0199-ce04-4cfe-86cc-6c719f08d6e4,de1c2107-70c8-4021-8459-6399f24d01c6,cbf30902-517f-40dc-af90-a550bac27cf1
2024-12-18 18:54:40-debug:   Number of all scenes: 1
2024-12-18 18:54:40-debug:   Number of all scripts: 6
2024-12-18 18:54:40-debug:   Number of other assets: 437
2024-12-18 18:54:40-debug: // ---- build task 查询 Asset Bundle ---- (31ms)
2024-12-18 18:54:40-debug: run build task 查询 Asset Bundle success in 31 ms√, progress: 5%
2024-12-18 18:54:40-debug: [Build Memory track]: 查询 Asset Bundle start:195.88MB, end 196.47MB, increase: 610.17KB
2024-12-18 18:54:40-debug: 查询 Asset Bundle start, progress: 5%
2024-12-18 18:54:40-debug: // ---- build task 查询 Asset Bundle ----
2024-12-18 18:54:40-debug: // ---- build task 查询 Asset Bundle ---- (22ms)
2024-12-18 18:54:40-debug: // ---- build task 整理部分构建选项内数据到 settings.json ----
2024-12-18 18:54:40-debug: run build task 查询 Asset Bundle success in 22 ms√, progress: 10%
2024-12-18 18:54:40-debug: 整理部分构建选项内数据到 settings.json start, progress: 10%
2024-12-18 18:54:40-debug: [Build Memory track]: 查询 Asset Bundle start:196.50MB, end 196.60MB, increase: 102.21KB
2024-12-18 18:54:40-debug: // ---- build task 整理部分构建选项内数据到 settings.json ---- (1ms)
2024-12-18 18:54:40-debug: run build task 整理部分构建选项内数据到 settings.json success in 1 ms√, progress: 12%
2024-12-18 18:54:40-debug: [Build Memory track]: 整理部分构建选项内数据到 settings.json start:196.63MB, end 161.94MB, increase: -35518.62KB
2024-12-18 18:54:40-debug: 填充脚本数据到 settings.json start, progress: 12%
2024-12-18 18:54:40-debug: // ---- build task 填充脚本数据到 settings.json ----
2024-12-18 18:54:40-debug: // ---- build task 填充脚本数据到 settings.json ---- (1ms)
2024-12-18 18:54:40-debug: run build task 填充脚本数据到 settings.json success in 1 ms√, progress: 13%
2024-12-18 18:54:40-debug: [Build Memory track]: 填充脚本数据到 settings.json start:161.97MB, end 162.00MB, increase: 28.75KB
2024-12-18 18:54:40-debug: 整理部分构建选项内数据到 settings.json start, progress: 13%
2024-12-18 18:54:40-debug: // ---- build task 整理部分构建选项内数据到 settings.json ----
2024-12-18 18:54:40-debug: // ---- build task 整理部分构建选项内数据到 settings.json ---- (9ms)
2024-12-18 18:54:40-debug: run build task 整理部分构建选项内数据到 settings.json success in 9 ms√, progress: 15%
2024-12-18 18:54:40-debug: [Build Memory track]: 整理部分构建选项内数据到 settings.json start:162.03MB, end 162.15MB, increase: 130.98KB
2024-12-18 18:54:53-debug: refresh db internal success
2024-12-18 18:54:53-debug: refresh db assets success
2024-12-18 18:54:53-debug: Run asset db hook engine-extends:afterRefresh ...
2024-12-18 18:54:53-debug: Run asset db hook engine-extends:afterRefresh success!
2024-12-18 18:54:53-debug: asset-db:refresh-all-database (65ms)
2024-12-18 18:54:53-debug: asset-db:worker-effect-data-processing (1ms)
2024-12-18 18:54:53-debug: asset-db-hook-engine-extends-afterRefresh (1ms)
